.x..xxxxx.x.xxx..x.xx..xxx.x.x.....xx.xx.xxx@@x..xxx.x.x.x..x..xxxxxxx..xxx.x.xx.xxxxxx.xxxxxxx.xxx.xxx@@.x...xxxxx.xx.x...x.xx.xx.xxxxx
xxx.xx.xxx...x.x.x..x.xx...xxxxxxxxx.xxxxx.@@@@.@@@.xxx.x..xxxx..x...xxxx..x.xx..x.xx.xxxxxx..xxx.xx.x@@@@.x....xxxxxx...x.xxx.xx....xxx
..xxxx.x.xxxx.xxxxx...xxx.xx...xxxx...xx.x@@@.@@@@@@xxxxx.x.xxxxxxx...xxxxx.xx.xxxx.x....@@xxxx.xxx.xx@@@@x.x...xxx...xxx.x..xxxx.xxxx.x
xxxxxxx.x.xx..xx.xxxxxx.xxx..xxxx.xx..xxxx@@@@x.@@@@xx....x..x.xx.xx.xxxx.xxx.x.x.xx@@@.@@@@..x..xx.x..@@x..xx.xx.x..x.x.xxx.xxx.x....xx
x.xx..x.xx.xxxx..xxxxxxxx.xxxxxxxxxxxxx....@@.xxx@@x.xxxx..x.x..xxx.xxxx..x.xxx.xx.@@@@@@.@@.xxxxxx.xx.xxxx.x.xxxxx.xxx.xxx.xxxx..xxxxxx
xxxxx.x...x.x..xx.xx..x..xxx.x.x.x.xx.xxxx.@@..x...xxxxxxxxxxx..xxxx..xx.xx..xxxx..@@@@@@@@.xx.xxxxxxxxx.xx...x...x@@..xxxx..x.xxx.xxxx.
xxxxxx.xxxxxxx......x.xxxxxxxxxxxx.xxxx...x@@.x.xxxxx...xx.xxxxx.xxx.xxx.xxxx...x.x@@@@@@@.x.xxx..xx.xx.xxx..xxx..@@@@.xxx.xx.xxx..x..xx
xx.xx.xx.x.x.@@xx.x..xxxxxx..xxxx.xxx.xx..x@@@.xx...xxx.x..xxx.xxxx....x..x.x...xxxx@@@.@@..xx.xxx.xxx..x.x.xxx.x.@@@@@xx..xxx.@@@@x.xx.
.x.xx@@.xxxx@@@@xxxx.xxx..x.x.xx..x.....xx..@@xx.x.xx.x..x.xx.xx..x.xxxxxx.x.x.xx.xx.x..@@.x.x..x..xxxxx.x.xx..xxx.@@@@xx.xx..@@@@@@xx.x
.xx.@@@@x.x.@@@@xxxx.xxx.x.xx..x...xxx...x.x..@.x.x.xxx..x.xx...xxxxx..xx.xxx..xxxxx.xx@@.@@@.xxxxx..xxx.xx.x.x...x.@@....x.x.@@@@@@xxxx
...x@@@@..xx.@@.x...xxx.x...x..xxxxxxx..x.x..@@@..x.xxxxxx..xx...xxxx..xxx...xxxx.xx.x.@@@.@@@xxxxxxx..x.xx.x.@@@.x@@@@x.x.x..x@@@@.xxxx
xxxx.@@@@@@.@@xx..xxxxxx.x...x.x.xx.xxxxx.x.@.@@xx.xx..xx.xx..x.x.xxxx.xxxxxx..x.x.xxx@@@@@@@@x..x..xxx....x.@@@@@.@@@@..xx.x...x.x..xxx
.xxxx.@@@@@@@.....x..xx.xxx.xxxx..xxxx.xx..@@@@@..xx.x..xxxxx.xxxx.@@.x.xx..x.xx.x..x.@@@@@@@.xxx.x..x.xxx.@@@@@@.@@@@xxxxx.xxxxxxxxxx..
x..xxx..@..@@.xxxx.x..x...xxx.xx..x.xx.xxx.@@.@@@xxx.xxxxx.xxxxxxx@@@@.xxxx..x.x.x..xx.@@@@@xxx.xxx.x.x..x@@@@@.@@.@@.xx.x.xxxxxxxx.xxxx
xx.x...@..@@.x.x..x.x.x.x.x.x.xx.xxx.xxxxxx.@@.@.@....xxxx...x.x.x@@@@.xx.....x.@@@x....@.@.x.x.xx.xx.xxx@@@..@..@@@@.x.x...xx.......xxx
x....x@@@@@.xx.xxx..x.xxxxx.x.x.xx.x.x.xxx.xx@@.@@@x.x.x.xxxxxxxx.@@@@.@@.x.x@@@@@@@.x.@@.@@.xx..xx...x.x@@@.@@@@@@@@@..xx..xx.x.xxxx.xx
.xxx..@@@@x...xx.xx.x..xxx...xx.xxxxxxx..xx...@@.@@..xx..x.x.xxx.x@@..@@@@..@@@.@@@@@.@@@.@@...xx.x..xxx..@.@@@..@@@@@..xx.x..x...xx..xx
.xxxx.@@@.xxxxx...xx...x..x.xxxxx..x...xxx.x.@@.@@.@@.x.x.x...x.xx.@@@..@@@@@@@@.@@@@@@@.@@.@.x.xx.xx..x.x.@@@@@@.@@@.xx.x.xxx....xxxx.x
xxx..@@@@@x..x..x.x.xxx.x.xx.xx.@@@xx.xx..xxx@@@@@.@@@xxxxxxxxx.x.xx@@@@@.@@@@@@@.@@.@@@@@@@@@@@.x..xx.xx.x@@.@@@xx.xx.xxx.x.xxx..xxxxx.
..xx.@@@@@..xxx.xxx.xx@@xxx..xx@@@@@x.xxx...xx@@@.@.@@.xxx.xx..xxxxxx..@@@..@@.@@@@......x..@@@@@x.x.x.xx..@.@@@..x.x.xxx...xx.x..x.xxx.
xx.x@@@.@x..x.xx.x...@@@@..x.x.@@@@@..x.xx..xx..@@@@.@.x.xxxx.x.x....x.@@@.x.@@@@@..xxxxx...@@@@@..xx..@@.@@.@@@@@.xxx.xx.xx.xx..xxx...x
.xxx@@@@.x.xxx.xxx.x@@@@@.@@x.x@@@@@xxxxx...x.xx.@@.@@..xxxxxx.xxxxxx.x@@...@...@@@.xxx.x..x@@@@x.x.x@@@@@@@@@@@@@@xx.x..x..xxxxx.xxx.x.
.x.xx@@@.x.xx..xx.x.@@@@.@@@@...@.@..x..@@.x.x..xx@@@@.x...xxx.xxxxxx...@@@@@@@@.@@xxx.x.x.x.@@..xx.@@@.@..@@@.@@@@.xxxxxx.x..xxxx.xxx.x
..xx..@@.@@.x.xxxxxxx@@@@.@@@@xx.@.xx.x@@@@@.xx..x.@@@.xxxx..xx.x...x.xxx@@@@@.@@@@xxx...x.x.xxxxxx.@@@@@@@@@@@@@@..xxx.xxxx.xxxxx.xxx.x
..x.xx@@@@@@..xxx..xxx.@@@@@@@@..@@.xxx@@@@@@xxxxx.@@@.xxxxxx.x.xxx.xxxxxx.@@.@.@@.xx.xx..@@x.xxx..x.@@@@@@@.x.x.xxxx.x..xxx..x...x....x
.xx.xxx@.@@@@@.x..x.x.x.@@..x.@@@@@xx.x.@@..@@....x@@@.xxx..x.x.xxxx.x....x.x.@@@@.x.x.xx@@@@x.xx.xxx..@@@..xxxx...xxx..xxx.x.x..xxxxxxx
x.x.x...@.@.@@@@@x..x.xx.xx.x.@@@@...@@.@.@@@@.....@@@xxxxx..x....x.xxxxxx..x@@@@...x..xx@@@@xxxxx.xxxxx.xxx..xx.x..xx...x.xxx..xxx..xxx
xxxxx.x.@@..@..@@@...xx.xx.xx.@@@.@@@@@@@@@@@xxx.@@@@.xx...xx.xx.xxx.x..xxx..@@@@xxx...xxx@@....x..x.x.x.xxx.xxxxxxxx.x.x...x.x.x.xxx.x.
xxx.xx.@@@.@@.@.@@..xxxxx.xxx.x@@@@@..@@..x.x..@@@@@xx.xxxxx..xxxxx...xxx.x@@@@@x.xx.xxxx..xxxx....xx..xxxx.xx...xxxx.xx.x..xx..xxxxxx.x
....xxx@@@@@@@@@@@.x.x..xxx.x.xx.@@@.x@@@.x.x.@@@@..xxx...x....x..xxxx.xx.@@@@@.xx.x..xx.xxx.xxxx.x...xxx.....xx.xx.xxxxx..xxxxxx..xxx..
xxxxxxx.@.@@@..@@.xxxxxxx.x..xxx...@.x.@@..xxx@@@....xxxxxxxx..xxx...x.x..@@@.x.x.x...xxxx.xx.xxxxx.xxxxx.xxx.x.x.xxxx.xxxxxxxxx.x@@.xxx
xx..xxxx@@@@@.xxx..x..xxxxx.xxxx..@@.@@@.x...x.@@.x.x.x.x.xxxxx..xxx.xxx.@@@.xx.xxxx.xx.x.x.x.x.xx..xx.xxxx.xx...xx.xxx.xx.xx..x.@@@@xxx
.xxx...x@@@@@.x.xxx.xx.xxxx..x.xx.@@@@@@@.xx..@@@@xxxx.x.x..x..xxxxxxx.xx@@.x...x.x.xx..xxxx.xx.x...xxx.xx.xx.x..xx.xx.x.x.xx.x.x@@@@..x
xxxxx....@@@x..xx.x.x..xx..xxx....@@...@@.xxx.@@@@@..x..x..xxxxxxxx..xx..@@xxx...xxxx.xxx.xx..x..xxx..x..xxxxx.x.x.x.xxxxxxxxx.x..@@@x..
xx.x..xxx@@......xx.x.x.x..xx.xx.x.@@@@@xxx.x@@@@@@x..xxxx......x..xx.x.x@@.x.x..xxx.x.xxxxxxx.x.x..x....x..xx..xxxxx...x.x.xxxx.x.@..xx
.........@@@xxxxxxxx..x....x.xxxxxxx@@@.x..x.@@@@@@..xxx.xxx.xxxxxxxx.xx..@.x..x..x.x.@@.@@@...xxxxxxx.x..xxxxxxx..x.xx.x.x..x.xxx@@.x.x
xxx.x.x.x.@@x.xx.xx.xxx.xx..x.xx.x.xx.xxx...xx@@@@.x.xxxx.xx..xx.x.xx.xxxx@@@x..x.xx@@@@@@@@@@@xxx.x...x.x...xxxxxxxx.xx...xxxx.x.@@.xxx
.x.xxx.xx@@x....xx..xx..xxxxxxxxx..xx.xxx.xx...@@@@xxx....x..x.....x.xx...@@@@..xx.@@@@...@@@@@@..xxx..x.x.xxx..xx.....xx.......x.@@xxxx
..xxx...@@..x..x.x.xx.x...xx...xxxxxxx.xx...xxx@@@@...xx..xx...xxx...xxxx@@.@@..@@@@@@@.xxx.@@@@xxx.xxxxxxxx..x.xxxxxx.x..xx.x.xx@@..xx.
.x...xx.@@xxxxxxx....x.xxxx..xxx....x.xxxxxxxxx@@.@@@@@..x.x.xx..xx.x.xx.@@@..@@@@.@@@.xx...x.@@.xx.xx.xxx.xx.x.xxxxx..x..x..xx.@@@..x..
xxxxx.x@@@..xx.xx..x.x.xx.......xxx....x..xxx.x.@@@@@@@@@xxxx..xx....x.x.x@@@@@@.x@@@@xx.....@@xx..x.xxx.xxxxxxxx..x.xxxxxxxxx..@@@.x.xx
xxxxxx@@@@xx...xx..xx.xx.xxxxx.xxxx.xxxxxxxxxx..@@@.@.@@@@x.x.xxxxxxx.xx.x..@@.@...@..@.@@@.@@..xx...xxxxxxxxx.x.xxx.x.x.x.x.xx..@@.xxxx
x.x..x@@@x.xxxxxxxx.xxxx.xx.xxxx..x...xxx...x.xx@@@@@@..@@..x.xx.xxxxx...x.@@@.@@@@@.@@@@@@@@..xxx...xxxxx...xxx.x...xxxxxxxxxx.@@..xxxx
.....x.@..x......xx.x...xxx.x...x...xxxx..xxx.x.@@@.@.x...@@@.xxxx...x.x@@.@@..@@.@.@@@@..@@xxxx.xx.xxx.xxx..x..x.xxxx...x..x.x@@@..xx..
xxx.x.@@..xx.xxxxxxx..xxx.xxx..xxxx..x..xx..x.xxx@.@.x..@@@@@@@.xxx..xx@@@@..@@.@@@@.....xxx..x...xx..xxxxxxxxx...xxxxxxx.x@@@.@@@x.xx.x
..xx.@@@@.xx.xxx..xxx..x.x.xxxxxxx..x.xxx.xx.xxxx.@@.@@@@@@.@@@@xxxx.x.@@@@@@@@@@@@@xxx.xxxxxxxx.x....x.x.xxx..xxxx.x.xx..@@@@@@.@.xxxx.
.xxxx@@@@xx.x..x.x.xx.xxx.xx.xx.xx.xx.xxxxxxxx...@@@@@@.x.x..@@@@...x...@@@@.@@@@@@....xxx.xx.x.xx.xxx..xxxxxx.x.xx..x.x.x@@@@@@@@xx..x.
.xx..@@.@.xx.xx.xx.xxxxx...xx.xx.xxxxxx.x.xx.xxxx@@@@@x.xxx.x.@@@@xx.x.xx..xxxx.x.xxxx..xxxx.xx.xxxx.xx...x...xx....xx.xx.x@@@@@@@...xx.
...xx@@@@@.xx..xxxxx..xx..x.xx..x..xx.x..xx..x.xx.@@.x.x.x.xx.@@@@@.x....xxx.xxxx.x....xx..x.xx.x.x.xx..xxx..xxx.x.xxx..xxx....@@@@x.xxx
x.xx..@@@@@.x.xxxxx.x.x.xx...xxxxxxxx..xxxxxx.xx..@.xxx.xx.xxx.@.@@x.xxxxxxx.x.x.x..xx.x.x.xx.x..xxx.xx.x.xxxxxxx.x..xxx..x.xx.@@@@.xxxx
xxx.x...@@@xxxx..xxx..xxx.xxx.xx..x.x.x.x.xx.x.x..@@.x.x.x.xxxx.@@@xx..xx..x..x.xxxxx..x.xx.x...xx..x.xxxx..x.xxxx.xxx.xxx.xxxx.@@..xx.x
.x.xxxxx@@@xxxx..x.xxxx.......xx.xx.xxxxxx.x.....x@@@xxxxxxx.x..@@..xx.x.xxxx..xxxxx.xxxx..xx.xxx...xxx..x..xxxxxxx.x...xxxx..x...xx.xxx
x@@x.x...@.x..xxxx...xxxxx...x.xxx..x.xxx...xxxxxx.@@.x.x.x.xx.@@@xxx..xxx.xxxx.xx..x..xxxx.xx...x...x..xxx.xx..x.xx.xxxxx.x.xx@@xxxxx.x
@@@@...@@.xxx....xx.x.x...xx.xx.xxxx.x.xxxxxxxx.xxx@@@.....x..@@@...x.xxx.xx...x.xx.x.x@@....x.x.xxx..xxxx.x.xxxx.xx.x.xxx.xxx@@@@.xx...
@@@@@.@@@@.xx.xx..x.xx.xx.xxx.xxxxxx..x.x.xx.x.xxx.x@@xxxx.xxx@@@@xxxxxxx.xx.....x.x..@@@@..x..xx.xxxxxxx..x.x......x.xxxx.xx.@@@@xxxxx.
x@@@.@@.@@@.x.xxx.x..xx..@@.xx.x.xxxxxxxx..xxx.x.xx..@..x@@.x.x@@@@x.xx.x...xx.xxxxx.@@.@@@x..x...x.x.x.xxxxxxxx.x.x.xxxxxx....@@.x..x..
..x.@@@@@@@xx.x.xx...xx.@@@@.x....xx..xxx..@@xxx..x.x@@.@@@@.x...@@xxx..x.x.x.x..xx..@@@@@@.x.xx.x.xxx..x.xxx...x..x.xx...xxxx.x.x....xx
xxxx.@@@.@@xxxx.x.xxxx.@@.@@@...xxx..xxx.x@@@@..xx.xx@@@@@.@@.xx@@.xxx.xx.x.xxx.x..x@@...@@..x..x.xx.xx..x.xxxxxxxxxxx.x....x..x.x.x.xxx
xxx.x@@@@@...x.x@@.xx..@@.@@@@@@x...xxxx.@@@@@x.xxxx..@@...@@..@@@x.xx...xx..xxxxx..@@@@@.@@@.xxxxxx.x.x.xx...x.x.x.xx.xx.x..xx...xxx..x
.xxxx.@@@@.x...@@@@.xxx.@@@.@@@@@.xxxx...@@.@.xxx....xxxxx.x@@@@@@xx.xxx.xxx..xx.x...@@@@.@@@@..xxx.xxx.xxxx.@@@@.x.xxxxxx....xx.xx...x.
xxx.x.x@@@@xxx.@@@@@@.@@@@.@...@@@..xx.x@@@.@.x.xx.x..xxxxxx.@@@@.x..xxxx.....x..xxx.@@.@@@.@.@.xx.x.xxx.x.x@@@@@@.xx.xx.xxx.xxx..xxx..x
xx..x.x.x.@@..x.@@.@@@@@.@@@..x.@@.x.@@.@@.@@@xx.x.xxxxx.....@@@.x....xxx..xx.xxxxxxx@@@@@..@@@@.x...x.xx.xx@@@.@@..x.x.x..xxx.xx..xxx..
xxxxx.xxx.@@.x.x.x...@@.@.@@x.x..@@.@@@@@@@.@@x.x.xxx.xxxx.x.@..x.xxxx..x.xxxxx.xxxxx@@@@@.@@@@@@.xxxxx.xx.x.@@@@@@x.xxxxxxx....xx.xxxx.
x.x.xxxx..@@xxx.xx.x@@.@.@@@xxxx.@@@@.@@@@@@@...x.x.x.x...@@.@@..xx..x..x.xx.x.x.x..x.@@@.@@@@@@@.x...x.xx.xx..@@@@xxx..xxx..xxx.xxx...x
xx...xxxx.@@.xx...x.@@@.@@@.xxx.xx@@@@@@@@@@@@x.xx.x....x@@@@@@x.x..xx..xx...xx..x.xx..@.@@.@@@@@x..xxxxxxxxxx..@@@.xx.xxx.x.x.xxxx.x.xx
..x.x.xx..@@.xx.@@..@@.@.@xxx.....x.@@@@@@.@.@@x..x....xx@@@@@.x.xx.xxxxx..xxxx..xx.x.xx@@@@.@.@.x.@@x..xx..xx.@@@x..x..xx...x...xxx.xxx
x.xxxxx.xx.@@..@@@@@.@@@@.x.........x.@@@...@@@.x..xxxxxx.@@@x.xx.xx.xx...xxxxx.x.xxxx..@@.@@@@@x.@@@@.xx.xxxx@@..x...xxxx.x..x..x...xx.
xxx.xxxxx.@@@@@.@.@@.@@@@xx......xxxxx.@@@@@@@@x.....x...x..x...x.x..x.xxxxx.xxxx.x.xxxx@@.@..@@..@@.@@.@@.x.@@@xxx.xx..xxx.xx.xx.xxxxx.
x.xxxx..x.@@.@@.@@.@@@@@@..x.x..xx....xx@@@@@@@.xxxx.xxxx...xx.xx..x.x...x...xx.x.xxxx..@.@@@@.@@@@..@@@@@@@@@@xxxxxx.xxxxx.xxx..x.xxxx.
x..xxxx.x.@@..@@@@@@@@@@.xxxxxx.x.xxxxxxx.@@@.@@xx.xxxxx.xx.xxx.xxxx.xxxxxxx..xxxxxxx.@@.@@@@@x.@@.x.x@@.@@@.x.xx.xxx..x.xxxxx.x.x.xxxx.
.xxxxx.xxx.@@@@@@..@@@@xxxxxxxx.x....x..xx.@@@@@.x.xx...xxx.xxxx.xxxx.xx.x.x..xxxxx..@@@..@@@...xx...xx..x.x..xx......xxxxxx...x.xxx.xx.
xxxxx.xx.xx.@@@@x..x..x.xxx.xxxxx..xxxxx.xx...@@..x.x..xx.x..xxxx.x...xxxx.x.xx.xx...@@.x.x@.@.....xxx...xxx.xxx.x.xxxxxx.xxx.xxx..xxxxx
xxx.xxxx.xxx.@@.xxxxxx.x....x....xxx.xx.xxxxx@@@@x.xx.x..x..xxx.xxxx.xxxx.x.x.x.@@@.@@@...x.@@@x..xx.xxxxxxxxxx.xxx.xx..xxx.xxx.x.x..x..
xxxx.x.x.xxxxx...xxx.xxxxxxxx...xx.xx..xxx...@@@@@..xx.xxxxxxxxx.xxxx..x..x.xx.@@@@@@@@xxx..@@@...x.xx.xx..x.xxxxxx....xx..x..xxx.x..xx.
xxxxx.xxx..xxxx.xx..xxxx.x.xx.xx.xxx....xxxxx.@.@@.xxxxx..xxx.xx..x.x....xx.x..@@@@.@@.x.x.@.@..xx.x.xx.x.xxxxxx.xxxx.xxxxx.xxx....xxx.x
x.x.x.x.x.x..xx.xx.xxxx.x..xx...x.xxx...xx....x@@@@.x....x..xx.....x...xxx.xxxx.@@@@@.x..@@@@.xxxxx.xxx...x....xx...xx.....xxx..xx..x..x
xxxxx..x..x..xx.xx.xxxx.xx.xxxxxx.x..xx..xx..x.x@.@@.x....xxxxxx..xxxxx.xxx...x.x@@.@.xx@@@@x.xxxx.xx...xxx.x....x.xxxx.xxxxx.x.xx...xx.
.xx.xxxx.x.xxx.x.x.x..xx.xxxx.x.xx.x.x...xxx.xxxx@@@@xx.xx@@.xx.xx.x..x..xx.xxxx.xx.@@.x@@@..xxx.xxxxx.xx.x@@@@@@@@xx...x.xxxxx..xxxx...
x.....xxxxx.xxxx.xxx.x.x.x...xx.xxx.x.x......x..x.@@@@.x.@@@@..x.xx.x..xxx..x...xxx.@@@..@@.xxxxxxxx.xx..x@@@.@@@@@@.x..x.xxx.xxx.xxx..x
xxxx.xxxx.xxx.x.xxxx.x.x..xxxxxxxxxxxxxx..xx.x..x..@@@@@@@.@@.x.xxxxxx.xxxxxxx.xxx..@.@@..@@.x.x.xxxx....x@@@@@@..@@.x.xxxxxxxx.x.x.xxx.
.xxxxxxxx..xxx.x.xxxxxxxxxxxx...x.xxx.xxxxx...x.@@.@@.@@@@@@@x...x..x.xxx.xxx.xx...@@@@@..@@x.xxx.xxx...x..@@.@@@@@@x.x.x..xxx.x..xxxx.x
x.xx..x...xxx...xxx.xx.x.xx...xxxxxxxxx.xxx.xxx@@@@xx..@@..@..x.xxx.xxxxx...xxxx..@@.@.@@@@..xxx.xx.xx..xx...@@@@@@@.x.x@@x..xxxx.x.xxx.
x.@@.x.xx....x.x.x..x.xx.x.xxx.x.....xx.x.x....@@@.xx.xx@@.@@x.xxxxx..x.xxxxx..x..@@..@@.@@@x...xx.xxx.xxxxx..@@..@@@x.@@@@xx..x..x.x..x
x@@@@x.x.x.xx.x.xxx..x.x.xxxx..xxxx.x.x.x.x.x...@@.x...x.@@@@x..x...xx..xx.xxx.x.x@.@@@..x@@.xxx.x.xxxx.xxxx..@@x.@@.@@@@@@.x...x.xx.xxx
@@@@@@..xx.xx.xxx.xxxxxx..xxx....xxx...xxx...xx@@@@x.xxxx.@@xxxxx.xx.x..xxx.xxxxx.@@@@@x...@@x.xx...x.x...xxx@@@..@@@@.@.@@xxx.x..x.x.xx
@@@@.@@x..xx.xx..xxxxx..x...x.xx.x.@@.x.x..@@..@@@@...xxx..x.xxxx.x..xx.x..xx.xxx@@@@@...x@@@@.x.x.x..xxx.x.@@@.xx.@@xx.@@@...xxx..xx..x
x@@@@@@@xx..xxxx.x.x.xxxxx..xx..x@@@@@@@@@@@@@@@@@.xx...xxxxxxxx..x.xx..x..xx...x@@@@xx.x@@.@@.xxx.xx..xx..x@@@..xxxx..x@@.x...xxxx..xxx
xx.@@@@@.x.xx.x.xx.xxxx.x.x.x..x@@@@.@@@.@@.@@@@.xx.xxx.xx..xx.xx..xxx.xxxx.x.x...@@..xx.@@@@@@x.xxxxxxx....@@@x.x.xx.x..@@x.xxxxxxx.x.x
xx.@@@.@@..x.xx.x...xx..x.x..x..@@@@@@@@@@@@@.@@xx.xx.xxxxxxxxx.x...x..x.xx.xxxxxxx..x.x.x@@.@@.xxx...x.xxxx@@@....xxxxxx@@@..xx.x.xxxx.
x.x@@@@@@..x.xxxxxx.@@@@@@@@xx..@...@@@.@@@.@@@..x.xxxxx.x.x.xxxx...@@.x.xxxxxxxxx..xxx..x.x..@@.x.xxxxxx.x..@@xx.xx...xx.@@..xxx..x..xx
xx.x@@@@@.x.xxxxx..@@@@.@@@@@.@@@@@@@.x.x.@@@@.xxxx.xxxx.xx.xxx..x.@@@@xx.x.x..xxxxxxxxx.xx.xx.@@xx.xx...@@x.@@.x.x..xx...@@x..xxxxxx.xx
xx..x.x.@@xx.xx.xxx@@@@@@...@@@@@@.@.......@@.x.xx..x.xx.x..xxx.x.x@@@@..x.xxx..x......x.x.xx..@@@..xx.x@@@@.@@@..x.x...xx@@.x..x.xx.xxx
xx.x..x.@.@x.xxx.x..@@@@..x.@.@@@@@xx.xx..xxx.xx.xx..x.xxxxx.x.x.x.@@@.@@@@xxxx.xx...x..x.x.@@@@.@@@x.x.@@@@.@@@.x.xxxx...@@@x.xxx.xx..x
xx..x.xx@@@@.x.x....x.@@@x.@@@x.@@x.xxxxxx.x.x..xx..x.xx.xx..xx.xx.x@@@@.@@@xxxxx...xxxx..x@@@@.@@@@@..x.@@.@@@@xxxxxx.x.@@@@....x..xx.x
x.x..x.x@@@@@.xx.xx.x.@@.@@@@..xxx.xxx.x..x.xxxxxxxxxxx.x.xx...xx.x.x.@@@@@@..xxxx...xxx.xx@@@@@@@@@@xxxx.x.x@@xx.x.x.xx@@@@@xxxxx..xx..
xxxx.xx..@@@@@@@.xxx..@@@@.xxx.x.xx.xxxx....x.xxx.x.x..x@@.xxxxx..xx.xx@@@@@xxxxxxxxxx....xx@@@@.@@@xxx.x.xxx.x...x...x@@@@@.@.@@...x.x.
.x.xxxxxx@@..@@@@@...x@@@@x...xx..x...x..xx.x...x.xx...@@@@x.x.x@@.x...x.@@.x.x.xx.xxxxxx.xx.....xx.xxxx..x.xxx.x.xx...@@@@@@@@@@@.xx.xx
x@@x...xx.@@.@@.@@@x..x@@.x.xx.xxxx.xx...xxx...xxx.xx.x@@@@x.x.@@@@..xxx.xxx..xx..xx.x.xx..xxxxxx.xxx..xxx..xxx...xxx.@@.@@...@@@@@x.x.x
@@@@...x..@@@@.@@@@x.....xxx..xxx..x.xx.x..xx...x..xxx..@@.x.@@@@@@xxxx.xxxx..xxxxx.xx...xx..xx.x...xx......xx.x.xxxxx@@@@@@@@@@.@@..x..
@@@@.xxxx@@@@.@.@@@.xxx.xx...xxxxx.x.xxxx..xx.xxx.x.xxxxx...@@@@.@.x.xx.xxx.x.x.x.xxxxx...xxx.xxxx..xxx.xxx..xx.xxxxxx@@@@@@.@@.x.@@@@xx
.@@....xx@@@@@@@@@x..x.xx..x..xxx...x.x......xxxx.x.xxxxxxx.@@..@@..xx..xx..xxxxxxxxxx.xx.x.xxxx.xxx..xxxxx.xx.xxxx.x..@@.@@...xxx@@@@@x
.@@@..x..x@@@.@@@..xx..xxx.xx..xx.x.xxx.xxx.xx..x.xx.x..x.xx.@..@@x.x..xxx.x..xxx.xx.xxx.xx.xx...x.xxx..xxxx.x.xx.xx.x..@@@@.xx.x.x@@@@.
x.@@@x..xx.x.@@@@..x.xx.xxx.x.xxx.x.x..xx.xxxxxx.xxx.xxx..xxx@@.@@...x.xx.xxx.xxx...xx.xxx..x.xxx.x.xxx..xx.xxxxxx.xxxxxx@@@xx.x.xx.@@xx
xx@@@@xx.....@@@xx.xxxx.xxxxxx..xx...x..xx.xxxxxxxxxxx..xxxxx@@@@@@xxxx.xxx..xxxx..xx.x.xxx.xxx.x..xx..xx..xxx.x.xxx..xx..@@..xxx.x.xxx.
x.@@@@..xxx..@@...xx.xxxxx..xxxxxxxx.xx...x..xxxx.xx.x.xx...x.@@.@@.x.xxx..xxxxxx.xxxxxx..xxx.xx...xxxx.xxxx.xx.x.xx.x..x@@.x.x.xx..xx.x
x.@@.@@xxxx..@..xxx.xxx..xx..xxx..x...@@xxxx.xx.xxx..x.xxxx.x.@.@@.x.x..x.x..x..xxx.xxxx.xxx.xxxx.xxx.xx.x..xx..xx.xx..x@@@@..xx.xxx.x..
.x@@@@@@.x..@@.xxxxxxx.x..xxxxxxx.xxx@@@@xx..xxxx.x..x.x.xxx.@@@@..x.xxx.x.x.xxxxx....x...xxxxxxxx.xxxxxxxxx.xxx...xx..x@@.@@xxxxxx.xxx.
xx.@@@@@@x..@@@...xx.xx.xx.x...xxxxx@@@@@.xx.xx.xxx...xx..@@@@@@@.@@@.x.xx.x.xx..xx.....xx.xxxx..xxxx.x.x.x.xx..x..x.x.x.@@@@.xxxxxx..xx
x.x@@@.@@.@@@.@@...xxx.x.xxx..xxxx..@@@@@x.xxx..xx.x.x.x.@@@@@@.@@@@@@x.xx..xx..xx.x.x.xxxx.x.x....xx.x..x..x.xxx.x.xxxx..@@xxx..x..xx..
x..@@@.@.@@@.@@@..x.x.xxx.xxxxxxx..@@@@@.x.x.xxx.x.x.x.x@@.@@@.@@@..@@x.xxx...x...xxx.x.x..xx.x.......xx..xx.x..x@@.x...x..xx..x.xxxxxxx
..xx@.@@@@@@@@@@xx.x.x.xxxxx.xx.x.x@@@@@@.xxxx.xx..xx..@@@@.@@@@@@.@@@.xx.xx.xx.@@xxxxxxx...x.x..x.xxxxxxx..xxx.@@@@@x...x...x.x.x.x....
xxxx.@@.@.@@@@..@.xxxxx..x.x.x.x.xxx@@@@@..xxxxx.xx..xx@@@.@@@...@.@@@..xxx.x.x@@@@.x..x..xxxxxxx..xxxx...x..@@.@@@@@@..x.xx..xxxxx..x..
xx.xx@@.@@@@@@@@@@..xx.xx.xx..x.xx...x..@@x.xx.x.xx.xx.@@@@..xx.@@.@@.xx.xxxx..@@@@xxxxxxx.xx.x.xxx.xxxx@@@@@@@@@@@@@@..xxxx.xxx.x..x..x
xxx..@@@@@.x..@@@@xx.xx.xxxx...xxx.xxx..@@@x.xxx.x..x.x.@@xxx.xx@@@@xx.xxx..xxx.@@.xxx...xx.xx.xxx...xx@@@@.@....x..@@@xx..xx.xxxx.x.x.x
.xx.x@@@@@.xxxx@@xx..x....x.xxx.xxx.x.@@@@@.xx.xxxxxxx.x.x..x.x.@@@.xx.x....xxxx.xxxxx.xxxxx.xxxx..x.x.@@@@@@@xx.xx@@@@.xx.xxxx.x.x.xx.x
.x.xx.@@@x.xxxx.x.xxxxx.xxxx....x..@@@@@@@@..xx.xx..x..xxxx..xxx@@x..xx.xx.xx.x.xx...x...xxxxxx.xxxxx.x.@.@.@@.x.x.@@@.xxx..x.xxxxxxxx.x
.xxxx.....xx.xx.xx.xxxxxx.xxxxxxx.@@@@@@.@...@@.x..x.x.xxxxx.x..@..xx..x.x..xxx.xxxx.xxxxxxx..xx.x.xxxx@@@.@@@@x..@.@xxxx...x.xxxxxxx.xx
xx..xx.xxx.x..x.xx...x.x..x.xxxx..@@.@@@.@@@@@@@xx.xx.x...x....@@@.x.x..x.x.xxxx.x.xxxx.xxx..xxxxx.x.xx@@@@@.@.@.@@@...x.x.xxxxx...xxxxx
..xxxx.x..xx...xxx.xxxx.x..xx.x..x.@.@@.@@@@.@@@xx..xxx.xx..x.x@@.@@@@@xxx.x.x.x.xxx....xxxxxx.x..x.x..@@@@@..@@@.@@.@@x.x...x.xxx.xxxxx
x..xx..x.x..xxxxx...@@@.xxxxxxxxxx@@@@..x@@@@@@.....xxx..xxxxx.@@@@@.@@@xx.x..@@.x..x..xx..x..xx@@.xx.xx@@@@@@@@.@@@@@@@.xxxxx.x.x.xxxx.
x....@@xxxxxxx...x@@@@@@x.x..x.xx.@@@@.xxx..@@@@..xxxx...xxxxx.@@@@@@.@@..xxx@@@@..xxxxx.@@@@@.@@@@.xxx..x.x.@@.x.@@@@.@@xxx.xxxx.x.x.x.
xxx@@@@@.x...x.x.@@@@@@@x.x.....xxx@@..x.xxxx..@@.xxxx...x..xx@@.@@.@@@@x.xxx@@@@@x...x.@@@@@@@@@@@@...x..x..xx..x.@@.@.@@.xxx.xxx.xxx.x
x.@@@@@@@@@@@@@@@.@@.@@xxx.x.xxxxx.x....x....x@.@@xx..xxxx@@.@.@@.@@@@@.x....@.@@@xxx.x@@.@@..@@@@@@x.xxxxxxxx..xx.@@.@@@@...xx.xx.x..xx
.x@@@..@@@.@@@@.@@@@x..xx.xxx..xx.x.x....x.xx@@@@@.x.x...@@@@@@@..x@@.x.xx.x@@@.@.x.x.@@@..x.@@.@.@@xxxxx.x..x.xxx.@@@.@@x...xx.x.xxxxx.
..@@.@@@@.x.x.x.x@@.x.....x.xxx.xx...x.x.xx..@@@.@@..xxxx@@@@.@.x...xxxxxx.x@@@@..x.x.@@@@..@@@@.@@.x.x..xxxxx...x.@@@@.xx.x..xxxx.xxxxx
xx@@@@.xx.xxxx.xx.xx.x.xxxxx.xx.xxx.x..xx.x..@.@@@@.xxx...@@@@@@.x.x...xxxx.x@@.xxxxx.@@@@..@@.@@@@.xxx.xxx..xx.xxxx@@..xxx....x.x.x.x.x
.xx@@...x..xxxx....xxx..xx..x..x..xx.x.@@@@.@@@@@@@@@@..x.@@@@@@@xx..........x.xx.x.x@@.@xx.@@@@@@@xxxx.x.xxxx..xx.x.xx.x...xx.xxx...xxx
..x..x.xx.xxxxx.xxx.xx.x.x@@@@@@@@@...@@@@@@@@.@@@@@@@@..@@@.@@@@..x.x@@..x...x.xx.xx@@@..x.@@@@@@x.x.xx.xx..xxxxx....xxxxxxxxxx.xxx...x
x..xx..x.xx..x..xxxxx.x.x@@@@.@@@@@@@.@@..@@.x.x@@.@.@@.@@@@@@@@@....@@@@.xxxx.x.x...@@@@xxx@@@@.....x.xxxx...xx...x.xxxxxxxxx...x..xx..
x..x.....xxx..x.x.xxxx.x.@@@@@.@@@.@@@@.x.@@@x....@@.@@@@.@@@@@.@@xxx@@@@xxxx..xxxx...@@@...x@@...x.xxxx.xxx.xx.xxxxxxxx..x.xxxxx.xxx.xx
xxxxxx.x.xxxx.xx..xxx.xxxx@@.@@@@@@@@@@@@.@@@..xxx@@@@@@@@@@@@@.@@....@@x..xxxxx...xx@@@@.x.xx..xx..xxx.x..x.x.xx..xxx.xxxx..xxxx.x.xxxx
x.xxx.xxxx..xxx.xxxx.xxxxx.@@@@@@@@.@@.@@@@@.x.x..@@@@@...@@@..@@..xxx.x.x.xxx..xxxxx@@@@@xx.x.xx.x.xx..x.xx.xx.xxx..xxx.xx.xx.xxxx.xx.x
xx.xx.xxxx.x.xx...xxxxx.x..x@@.@@@x.x..x.x..xx.xx..@@...x.x.@@@@.xxxxxx...xx.xx..x...@@@@@.xx.xx.xx..xxxxx..x.xx.xx.x..xx..x.xxxxxxx.xxx
xx.x.x..xxxx..xxxx.x..x.xx.....x.x.xx.xxxxxxxxxxx..x....xxx..@@xx..xxx.xxxx..x..x...x.@@@xxx.xxx.x..x.xxx.x.x.xx.x.xxx..xxxxxx.xx..xxx.x
..xxxx..xx..x.xx..xx.x..x.xx..xxx.x.x....x.x..xxx..xx.x.xxx.x.xx.x..xxx..x.xx..xxx..xxx.xxxxxxxxxx.xx.x..xxxxx.x....x.xx.xxxxx.xxxxxx...
xxxxxxx.x...x.x.x.x..x.xxx.xx..xx.x..xxxxxxxx...xxxxxxx..xxx.xxxxx..xxx.xx.xxxxx.x.xxxx.x.xx.x.xx..xxx..xx..xxxxxxxx.x.xx.xx.x..x.x.x.xx
